2022-10-21 11:39:47,483 INFO  [org.jboss.modules] (main) JBoss Modules version 2.0.2.Final
2022-10-21 11:39:48,376 INFO  [org.jboss.msc] (main) JBoss MSC version 1.4.13.Final
2022-10-21 11:39:48,389 INFO  [org.jboss.threads] (main) JBoss Threads version 2.4.0.Final
2022-10-21 11:39:48,520 INFO  [org.jboss.as] (MSC service thread 1-2) WFLYSRV0049: WildFly Full 26.1.2.Final (WildFly Core 18.1.2.Final) starting
2022-10-21 11:39:48,521 DEBUG [org.jboss.as.config] (MSC service thread 1-2) Configured system properties:
	file.encoding = UTF-8
	file.separator = \
	java.awt.headless = true
	java.class.path = C:\Users\clope\wildfly-26.1.2.Final\jboss-modules.jar
	java.class.version = 63.0
	java.home = C:\Users\clope\Desktop\jdk-19_windows-x64_bin\jdk-19.0.1
	java.io.tmpdir = C:\Users\clope\AppData\Local\Temp\
	java.library.path = C:\Users\clope\Desktop\jdk-19_windows-x64_bin\jdk-19.0.1\bin;C:\Windows\Sun\Java\bin;C:\Windows\system32;C:\Windows;native;C:/Program Files/Java/jdk-18.0.1.1/bin/server;C:/Program Files/Java/jdk-18.0.1.1/bin;C:\Program Files\Common Files\Oracle\Java\javapath;C:\Program Files\Java\jdk-11.0.14_windows-x64_bin\jdk-11.0.14\bin;C:\Program Files (x86)\Common Files\Oracle\Java\javapath;C:\Windows\system32;C:\Windows;C:\Windows\System32\Wbem;C:\Windows\System32\WindowsPowerShell\v1.0\;C:\Windows\System32\OpenSSH\;C:\Program Files\Intel\WiFi\bin\;C:\Program Files\Common Files\Intel\WirelessCommon\;C:\Program Files\Java\jdk-18.0.1.1\\bin;C:\Program Files (x86)\NVIDIA Corporation\PhysX\Common;C:\Program Files\Git\cmd;C:\Program Files\Docker\Docker\resources\bin;C:\ProgramData\DockerDesktop\version-bin;C:\Program Files (x86)\Yarn\bin\;C:\Program Files\nodejs\;C:\mongosh-1.5.1-win32-x64;C:\Program Files\NVIDIA Corporation\NVIDIA NvDLISR;C:\Program Files\dotnet\;C:\Program Files\MySQL\MySQL Shell 8.0\bin\;C:\Users\clope\AppData\Local\Microsoft\WindowsApps;C:\Program Files\Intel\WiFi\bin\;C:\Program Files\Common Files\Intel\WirelessCommon\;C:\Users\clope\AppData\Local\Programs\Microsoft VS Code\bin;C:\Users\clope\AppData\Local\Yarn\bin;C:\Users\clope\AppData\Roaming\npm;C:\Users\clope\AppData\Local\Programs\mongosh\;C:\Program Files\MongoDB\Server\6.0\bin;C:\apache-maven-3.8.6-bin\apache-maven-3.8.6\bin;;C:\Users\clope\Desktop;;.
	java.net.preferIPv4Stack = true
	java.runtime.name = Java(TM) SE Runtime Environment
	java.runtime.version = 19.0.1+10-21
	java.specification.name = Java Platform API Specification
	java.specification.vendor = Oracle Corporation
	java.specification.version = 19
	java.util.logging.manager = org.jboss.logmanager.LogManager
	java.vendor = Oracle Corporation
	java.vendor.url = https://java.oracle.com/
	java.vendor.url.bug = https://bugreport.java.com/bugreport/
	java.version = 19.0.1
	java.version.date = 2022-10-18
	java.vm.compressedOopsMode = 32-bit
	java.vm.info = mixed mode, sharing
	java.vm.name = Java HotSpot(TM) 64-Bit Server VM
	java.vm.specification.name = Java Virtual Machine Specification
	java.vm.specification.vendor = Oracle Corporation
	java.vm.specification.version = 19
	java.vm.vendor = Oracle Corporation
	java.vm.version = 19.0.1+10-21
	javax.management.builder.initial = org.jboss.as.jmx.PluggableMBeanServerBuilder
	jboss.bind.address = localhost
	jboss.bind.address.management = localhost
	jboss.home.dir = C:\Users\clope\wildfly-26.1.2.Final
	jboss.host.name = carlos-pc
	jboss.modules.dir = C:\Users\clope\wildfly-26.1.2.Final\modules
	jboss.modules.system.pkgs = org.jboss.byteman
	jboss.node.name = carlos-pc
	jboss.qualified.host.name = carlos-pc
	jboss.server.base.dir = C:\Users\clope\wildfly-26.1.2.Final\standalone
	jboss.server.config.dir = C:\Users\clope\wildfly-26.1.2.Final\standalone\configuration
	jboss.server.data.dir = C:\Users\clope\wildfly-26.1.2.Final\standalone\data
	jboss.server.deploy.dir = C:\Users\clope\wildfly-26.1.2.Final\standalone\data\content
	jboss.server.log.dir = C:\Users\clope\wildfly-26.1.2.Final\standalone\log
	jboss.server.name = carlos-pc
	jboss.server.persist.config = true
	jboss.server.temp.dir = C:\Users\clope\wildfly-26.1.2.Final\standalone\tmp
	jdk.debug = release
	line.separator = 

	logging.configuration = file:C:\Users\clope\wildfly-26.1.2.Final\standalone\configuration\logging.properties
	module.path = C:\Users\clope\wildfly-26.1.2.Final\modules
	native.encoding = Cp1252
	org.jboss.boot.log.file = C:\Users\clope\wildfly-26.1.2.Final\standalone\log\boot.log
	org.jboss.logmanager.nocolor = true
	org.jboss.resolver.warning = true
	os.arch = amd64
	os.name = Windows 11
	os.version = 10.0
	path.separator = ;
	program.name = JBossTools: WildFly 24+
	stderr.encoding = Cp1252
	stdout.encoding = Cp1252
	sun.arch.data.model = 64
	sun.boot.library.path = C:\Users\clope\Desktop\jdk-19_windows-x64_bin\jdk-19.0.1\bin
	sun.cpu.endian = little
	sun.cpu.isalist = amd64
	sun.io.unicode.encoding = UnicodeLittle
	sun.java.command = org.jboss.modules.Main -mp C:\Users\clope\wildfly-26.1.2.Final\modules org.jboss.as.standalone -b localhost --server-config=standalone.xml -Djboss.server.base.dir=C:\Users\clope\wildfly-26.1.2.Final\standalone
	sun.java.launcher = SUN_STANDARD
	sun.jnu.encoding = Cp1252
	sun.management.compiler = HotSpot 64-Bit Tiered Compilers
	sun.os.patch.level = 
	sun.rmi.dgc.client.gcInterval = 3600000
	sun.rmi.dgc.server.gcInterval = 3600000
	user.country = BR
	user.dir = C:\Users\clope\wildfly-26.1.2.Final\bin
	user.home = C:\Users\clope
	user.language = pt
	user.name = clope
	user.script = 
	user.timezone = America/Sao_Paulo
	user.variant = 
2022-10-21 11:39:48,534 DEBUG [org.jboss.as.config] (MSC service thread 1-2) VM Arguments: -Dprogram.name=JBossTools: WildFly 24+ -Xms64m -Xmx512m -Dorg.jboss.resolver.warning=true -Djava.net.preferIPv4Stack=true -Dsun.rmi.dgc.client.gcInterval=3600000 -Dsun.rmi.dgc.server.gcInterval=3600000 -Djboss.modules.system.pkgs=org.jboss.byteman -Djava.awt.headless=true -Dorg.jboss.boot.log.file=C:\Users\clope\wildfly-26.1.2.Final\standalone\log\boot.log -Dlogging.configuration=file:C:\Users\clope\wildfly-26.1.2.Final\standalone\configuration\logging.properties -Djboss.home.dir=C:\Users\clope\wildfly-26.1.2.Final -Dorg.jboss.logmanager.nocolor=true --add-exports=java.desktop/sun.awt=ALL-UNNAMED --add-exports=java.naming/com.sun.jndi.ldap=ALL-UNNAMED --add-opens=java.base/java.lang=ALL-UNNAMED --add-opens=java.base/java.lang.invoke=ALL-UNNAMED --add-opens=java.base/java.lang.reflect=ALL-UNNAMED --add-opens=java.base/java.io=ALL-UNNAMED --add-opens=java.base/java.security=ALL-UNNAMED --add-opens=java.base/java.util=ALL-UNNAMED --add-opens=java.base/java.util.concurrent=ALL-UNNAMED --add-opens=java.management/javax.management=ALL-UNNAMED --add-opens=java.naming/javax.naming=ALL-UNNAMED --add-exports=java.base/sun.nio.ch=ALL-UNNAMED --add-exports=jdk.unsupported/sun.misc=ALL-UNNAMED --add-exports=jdk.unsupported/sun.reflect=ALL-UNNAMED --add-modules=java.se -Djboss.bind.address.management=localhost -Dfile.encoding=UTF-8 -XX:+ShowCodeDetailsInExceptionMessages 
2022-10-21 11:39:49,338 INFO  [org.wildfly.security] (ServerService Thread Pool -- 27) ELY00001: WildFly Elytron version 1.19.1.Final
2022-10-21 11:39:50,196 INFO  [org.jboss.as.server.deployment.scanner] (DeploymentScanner-threads - 1) WFLYDS0004: Found project.war in deployment directory. To trigger deployment create a file called project.war.dodeploy
2022-10-21 11:39:50,252 INFO  [org.jboss.as.server] (Controller Boot Thread) WFLYSRV0039: Creating http management service using socket-binding (management-http)
2022-10-21 11:39:50,278 INFO  [org.xnio] (MSC service thread 1-2) XNIO version 3.8.7.Final
2022-10-21 11:39:50,293 INFO  [org.xnio.nio] (MSC service thread 1-2) XNIO NIO Implementation Version 3.8.7.Final
2022-10-21 11:39:50,343 WARN  [org.jboss.as.txn] (ServerService Thread Pool -- 74) WFLYTX0013: The node-identifier attribute on the /subsystem=transactions is set to the default value. This is a danger for environments running multiple servers. Please make sure the attribute value is unique.
2022-10-21 11:39:50,346 INFO  [org.jboss.as.jaxrs] (ServerService Thread Pool -- 56) WFLYRS0016: RESTEasy version 4.7.7.Final
2022-10-21 11:39:50,366 INFO  [org.wildfly.extension.microprofile.jwt.smallrye] (ServerService Thread Pool -- 65) WFLYJWT0001: Activating MicroProfile JWT Subsystem
2022-10-21 11:39:50,373 INFO  [org.wildfly.extension.microprofile.config.smallrye] (ServerService Thread Pool -- 64) WFLYCONF0001: Activating MicroProfile Config Subsystem
2022-10-21 11:39:50,378 INFO  [org.wildfly.extension.elytron.oidc._private] (ServerService Thread Pool -- 52) WFLYOIDC0001: Activating WildFly Elytron OIDC Subsystem
2022-10-21 11:39:50,383 INFO  [org.wildfly.extension.health] (ServerService Thread Pool -- 53) WFLYHEALTH0001: Activating Base Health Subsystem
2022-10-21 11:39:50,392 INFO  [org.jboss.as.clustering.infinispan] (ServerService Thread Pool -- 54) WFLYCLINF0001: Activating Infinispan subsystem.
2022-10-21 11:39:50,402 INFO  [org.wildfly.extension.microprofile.opentracing] (ServerService Thread Pool -- 66) WFLYTRACEXT0001: Activating MicroProfile OpenTracing Subsystem
2022-10-21 11:39:50,403 INFO  [org.jboss.as.jsf] (ServerService Thread Pool -- 61) WFLYJSF0007: Activated the following Jakarta Server Faces Implementations: [main]
2022-10-21 11:39:50,412 INFO  [org.wildfly.extension.metrics] (ServerService Thread Pool -- 63) WFLYMETRICS0001: Activating Base Metrics Subsystem
2022-10-21 11:39:50,434 INFO  [org.jboss.as.naming] (ServerService Thread Pool -- 67) WFLYNAM0001: Activating Naming Subsystem
2022-10-21 11:39:50,466 INFO  [org.wildfly.extension.io] (ServerService Thread Pool -- 55) WFLYIO001: Worker 'default' has auto-configured to 16 IO threads with 128 max task threads based on your 8 available processors
2022-10-21 11:39:50,487 INFO  [org.jboss.as.webservices] (ServerService Thread Pool -- 76) WFLYWS0002: Activating WebServices Extension
2022-10-21 11:39:50,489 INFO  [org.wildfly.extension.undertow] (MSC service thread 1-4) WFLYUT0003: Undertow 2.2.19.Final starting
2022-10-21 11:39:50,525 INFO  [org.jboss.as.connector] (MSC service thread 1-4) WFLYJCA0009: Starting Jakarta Connectors Subsystem (WildFly/IronJacamar 1.5.3.Final)
2022-10-21 11:39:50,604 INFO  [org.jboss.as.connector.subsystems.datasources] (ServerService Thread Pool -- 44) WFLYJCA0004: Deploying JDBC-compliant driver class org.h2.Driver (version 1.4)
2022-10-21 11:39:50,653 INFO  [org.jboss.as.connector.deployers.jdbc] (MSC service thread 1-8) WFLYJCA0018: Started Driver service with driver-name = h2
2022-10-21 11:39:50,656 INFO  [org.jboss.as.naming] (MSC service thread 1-4) WFLYNAM0003: Starting Naming Service
2022-10-21 11:39:50,659 INFO  [org.jboss.as.mail.extension] (MSC service thread 1-3) WFLYMAIL0001: Bound mail session [java:jboss/mail/Default]
2022-10-21 11:39:50,735 WARN  [org.wildfly.extension.elytron] (MSC service thread 1-2) WFLYELY00023: KeyStore file 'C:\Users\clope\wildfly-26.1.2.Final\standalone\configuration\application.keystore' does not exist. Used blank.
2022-10-21 11:39:50,749 INFO  [org.jboss.remoting] (MSC service thread 1-7) JBoss Remoting version 5.0.25.Final
2022-10-21 11:39:50,786 INFO  [org.wildfly.extension.undertow] (ServerService Thread Pool -- 75) WFLYUT0014: Creating file handler for path 'C:\Users\clope\wildfly-26.1.2.Final/welcome-content' with options [directory-listing: 'false', follow-symlink: 'false', case-sensitive: 'true', safe-symlink-paths: '[]']
2022-10-21 11:39:50,806 WARN  [org.wildfly.extension.elytron] (MSC service thread 1-6) WFLYELY01084: KeyStore C:\Users\clope\wildfly-26.1.2.Final\standalone\configuration\application.keystore not found, it will be auto generated on first use with a self-signed certificate for host localhost
2022-10-21 11:39:50,872 INFO  [org.wildfly.extension.undertow] (MSC service thread 1-6) WFLYUT0012: Started server default-server.
2022-10-21 11:39:50,875 INFO  [org.wildfly.extension.undertow] (MSC service thread 1-6) Queuing requests.
2022-10-21 11:39:50,881 INFO  [org.wildfly.extension.undertow] (MSC service thread 1-6) WFLYUT0018: Host default-host starting
2022-10-21 11:39:50,990 INFO  [org.jboss.as.ejb3] (MSC service thread 1-1) WFLYEJB0481: Strict pool slsb-strict-max-pool is using a max instance size of 128 (per class), which is derived from thread worker pool sizing.
2022-10-21 11:39:50,990 INFO  [org.jboss.as.ejb3] (MSC service thread 1-5) WFLYEJB0482: Strict pool mdb-strict-max-pool is using a max instance size of 32 (per class), which is derived from the number of CPUs on this host.
2022-10-21 11:39:51,034 INFO  [org.wildfly.extension.undertow] (MSC service thread 1-6) WFLYUT0006: Undertow HTTP listener default listening on 127.0.0.1:8080
2022-10-21 11:39:51,214 INFO  [org.wildfly.extension.undertow] (MSC service thread 1-1) WFLYUT0006: Undertow HTTPS listener https listening on 127.0.0.1:8443
2022-10-21 11:39:51,278 INFO  [org.jboss.as.ejb3] (MSC service thread 1-6) WFLYEJB0493: Jakarta Enterprise Beans subsystem suspension complete
2022-10-21 11:39:51,344 INFO  [org.jboss.as.patching] (MSC service thread 1-6) WFLYPAT0050: WildFly Full cumulative patch ID is: base, one-off patches include: none
